0 info it worked if it ends with ok
1 verbose cli [ 'node', '/usr/local/bin/npm', 'install', '-g', 'babel' ]
2 info using npm@2.5.1
3 info using node@v0.12.0
4 silly cache add args [ 'babel', null ]
5 verbose cache add spec babel
6 silly cache add parsed spec { raw: 'babel',
6 silly cache add   scope: null,
6 silly cache add   name: 'babel',
6 silly cache add   rawSpec: '',
6 silly cache add   spec: '*',
6 silly cache add   type: 'range' }
7 verbose addNamed babel@*
8 silly addNamed semver.valid null
9 silly addNamed semver.validRange *
10 silly addNameRange { name: 'babel', range: '*', hasData: false }
11 silly mapToRegistry name babel
12 silly mapToRegistry using default registry
13 silly mapToRegistry registry https://registry.npmjs.org/
14 silly mapToRegistry uri https://registry.npmjs.org/babel
15 verbose addNameRange registry:https://registry.npmjs.org/babel not in flight; fetching
16 verbose request uri https://registry.npmjs.org/babel
17 verbose request no auth needed
18 info attempt registry request try #1 at 08:55:19
19 verbose request id f864a47b74912d07
20 verbose etag "5ILGIQPTFM9O7FHJXSNIDX83T"
21 http request GET https://registry.npmjs.org/babel
22 http 200 https://registry.npmjs.org/babel
23 silly get cb [ 200,
23 silly get   { server: 'CouchDB/1.5.0 (Erlang OTP/R16B03)',
23 silly get     etag: '"C43JEUPB7R66N2F4LMU9EAIX"',
23 silly get     'content-type': 'application/json',
23 silly get     'cache-control': 'max-age=60',
23 silly get     'content-length': '166197',
23 silly get     'accept-ranges': 'bytes',
23 silly get     date: 'Thu, 21 May 2015 06:55:21 GMT',
23 silly get     via: '1.1 varnish',
23 silly get     age: '53',
23 silly get     connection: 'keep-alive',
23 silly get     'x-served-by': 'cache-fra1247-FRA',
23 silly get     'x-cache': 'HIT',
23 silly get     'x-cache-hits': '1',
23 silly get     'x-timer': 'S1432191321.183154,VS0,VE0',
23 silly get     vary: 'Accept' } ]
24 verbose get saving babel to /Users/elodiemauduit/.npm/registry.npmjs.org/babel/.cache.json
25 silly addNameRange number 2 { name: 'babel', range: '*', hasData: true }
26 silly addNameRange versions [ 'babel',
26 silly addNameRange   [ '0.0.1',
26 silly addNameRange     '4.0.1',
26 silly addNameRange     '4.0.2',
26 silly addNameRange     '4.1.1',
26 silly addNameRange     '4.2.0',
26 silly addNameRange     '4.2.1',
26 silly addNameRange     '4.3.0',
26 silly addNameRange     '4.4.1',
26 silly addNameRange     '4.4.2',
26 silly addNameRange     '4.4.3',
26 silly addNameRange     '4.4.4',
26 silly addNameRange     '4.4.5',
26 silly addNameRange     '4.4.6',
26 silly addNameRange     '4.5.0',
26 silly addNameRange     '4.5.1',
26 silly addNameRange     '4.5.2',
26 silly addNameRange     '4.5.3',
26 silly addNameRange     '4.5.4',
26 silly addNameRange     '4.5.5',
26 silly addNameRange     '4.6.0',
26 silly addNameRange     '4.6.1',
26 silly addNameRange     '4.6.3',
26 silly addNameRange     '4.6.4',
26 silly addNameRange     '4.6.5',
26 silly addNameRange     '4.6.6',
26 silly addNameRange     '4.7.0',
26 silly addNameRange     '4.7.1',
26 silly addNameRange     '4.7.2',
26 silly addNameRange     '4.7.3',
26 silly addNameRange     '4.7.4',
26 silly addNameRange     '4.7.5',
26 silly addNameRange     '4.7.6',
26 silly addNameRange     '4.7.7',
26 silly addNameRange     '4.7.8',
26 silly addNameRange     '4.7.9',
26 silly addNameRange     '4.7.10',
26 silly addNameRange     '4.7.11',
26 silly addNameRange     '4.7.12',
26 silly addNameRange     '4.7.13',
26 silly addNameRange     '4.7.14',
26 silly addNameRange     '4.7.15',
26 silly addNameRange     '4.7.16',
26 silly addNameRange     '5.0.0-beta2',
26 silly addNameRange     '5.0.0-beta3',
26 silly addNameRange     '5.0.0-beta4',
26 silly addNameRange     '5.0.0',
26 silly addNameRange     '5.0.1',
26 silly addNameRange     '5.0.2',
26 silly addNameRange     '5.0.3',
26 silly addNameRange     '5.0.4',
26 silly addNameRange     '5.0.5',
26 silly addNameRange     '5.0.6',
26 silly addNameRange     '5.0.7',
26 silly addNameRange     '5.0.8',
26 silly addNameRange     '5.0.9',
26 silly addNameRange     '5.0.10',
26 silly addNameRange     '5.0.11',
26 silly addNameRange     '5.0.12',
26 silly addNameRange     '5.0.13',
26 silly addNameRange     '5.1.0',
26 silly addNameRange     '5.1.1',
26 silly addNameRange     '5.1.2',
26 silly addNameRange     '5.1.3',
26 silly addNameRange     '5.1.4',
26 silly addNameRange     '5.1.5',
26 silly addNameRange     '5.1.6',
26 silly addNameRange     '5.1.7',
26 silly addNameRange     '5.1.8',
26 silly addNameRange     '5.1.9',
26 silly addNameRange     '5.1.10',
26 silly addNameRange     '5.1.11',
26 silly addNameRange     '5.1.12',
26 silly addNameRange     '5.1.13',
26 silly addNameRange     '5.2.0',
26 silly addNameRange     '5.2.1',
26 silly addNameRange     '5.2.2',
26 silly addNameRange     '5.2.3',
26 silly addNameRange     '5.2.4',
26 silly addNameRange     '5.2.5',
26 silly addNameRange     '5.2.6',
26 silly addNameRange     '5.2.7',
26 silly addNameRange     '5.2.9',
26 silly addNameRange     '5.2.10',
26 silly addNameRange     '5.2.11',
26 silly addNameRange     '5.2.12',
26 silly addNameRange     '5.2.13',
26 silly addNameRange     '5.2.14',
26 silly addNameRange     '5.2.15',
26 silly addNameRange     '5.2.16',
26 silly addNameRange     '5.2.17',
26 silly addNameRange     '5.3.0',
26 silly addNameRange     '5.3.1',
26 silly addNameRange     '5.3.2',
26 silly addNameRange     '5.3.3',
26 silly addNameRange     '5.4.0',
26 silly addNameRange     '5.4.1',
26 silly addNameRange     '5.4.2',
26 silly addNameRange     '5.4.3',
26 silly addNameRange     '5.4.4',
26 silly addNameRange     '5.4.5' ] ]
27 verbose addNamed babel@5.4.5
28 silly addNamed semver.valid 5.4.5
29 silly addNamed semver.validRange 5.4.5
30 silly mapToRegistry name babel
31 silly mapToRegistry using default registry
32 silly mapToRegistry registry https://registry.npmjs.org/
33 silly mapToRegistry uri https://registry.npmjs.org/babel
34 verbose addRemoteTarball https://registry.npmjs.org/babel/-/babel-5.4.5.tgz not in flight; adding
35 verbose addRemoteTarball [ 'https://registry.npmjs.org/babel/-/babel-5.4.5.tgz',
35 verbose addRemoteTarball   '595237886e312a0aae3e5376b1b2b9d2f908f34a' ]
36 info retry fetch attempt 1 at 08:55:20
37 info attempt registry request try #1 at 08:55:20
38 http fetch GET https://registry.npmjs.org/babel/-/babel-5.4.5.tgz
39 http fetch 200 https://registry.npmjs.org/babel/-/babel-5.4.5.tgz
40 silly fetchAndShaCheck shasum 595237886e312a0aae3e5376b1b2b9d2f908f34a
41 verbose addTmpTarball /var/folders/kw/cypff1jj4ll_cpq2m2vd5cbm0000gn/T/npm-19371-4ddfb9f0/registry.npmjs.org/babel/-/babel-5.4.5.tgz not in flight; adding
42 verbose addTmpTarball already have metadata; skipping unpack for babel@5.4.5
43 silly cache afterAdd babel@5.4.5
44 verbose afterAdd /Users/elodiemauduit/.npm/babel/5.4.5/package/package.json not in flight; writing
45 verbose afterAdd /Users/elodiemauduit/.npm/babel/5.4.5/package/package.json written
46 silly install resolved [ { name: 'babel',
46 silly install resolved     description: 'Turn ES6 code into readable vanilla ES5 with source maps',
46 silly install resolved     version: '5.4.5',
46 silly install resolved     author: { name: 'Sebastian McKenzie', email: 'sebmck@gmail.com' },
46 silly install resolved     homepage: 'https://babeljs.io/',
46 silly install resolved     license: 'MIT',
46 silly install resolved     repository: { type: 'git', url: 'git+https://github.com/babel/babel.git' },
46 silly install resolved     preferGlobal: true,
46 silly install resolved     dependencies:
46 silly install resolved      { 'babel-core': '^5.4.5',
46 silly install resolved        chokidar: '^1.0.0',
46 silly install resolved        commander: '^2.6.0',
46 silly install resolved        'convert-source-map': '^1.1.0',
46 silly install resolved        'fs-readdir-recursive': '^0.1.0',
46 silly install resolved        glob: '^5.0.5',
46 silly install resolved        lodash: '^3.2.0',
46 silly install resolved        'output-file-sync': '^1.1.0',
46 silly install resolved        'path-is-absolute': '^1.0.0',
46 silly install resolved        'source-map': '^0.4.0',
46 silly install resolved        slash: '^1.0.0' },
46 silly install resolved     bin:
46 silly install resolved      { babel: './bin/babel/index.js',
46 silly install resolved        'babel-node': './bin/babel-node',
46 silly install resolved        'babel-external-helpers': './bin/babel-external-helpers' },
46 silly install resolved     bugs: { url: 'https://github.com/babel/babel/issues' },
46 silly install resolved     _id: 'babel@5.4.5',
46 silly install resolved     scripts: {},
46 silly install resolved     _shasum: '595237886e312a0aae3e5376b1b2b9d2f908f34a',
46 silly install resolved     _from: 'babel@*',
46 silly install resolved     _npmVersion: '2.9.0',
46 silly install resolved     _nodeVersion: '2.0.0',
46 silly install resolved     _npmUser: { name: 'sebmck', email: 'sebmck@gmail.com' },
46 silly install resolved     maintainers: [ [Object] ],
46 silly install resolved     dist:
46 silly install resolved      { shasum: '595237886e312a0aae3e5376b1b2b9d2f908f34a',
46 silly install resolved        tarball: 'http://registry.npmjs.org/babel/-/babel-5.4.5.tgz' },
46 silly install resolved     directories: {},
46 silly install resolved     _resolved: 'https://registry.npmjs.org/babel/-/babel-5.4.5.tgz' } ]
47 info install babel@5.4.5 into /usr/local/lib
48 info installOne babel@5.4.5
49 verbose installOne of babel to /usr/local/lib not in flight; installing
50 verbose lock using /Users/elodiemauduit/.npm/_locks/babel-5417f13f3f034c23.lock for /usr/local/lib/node_modules/babel
51 silly install write writing babel 5.4.5 to /usr/local/lib/node_modules/babel
52 silly cache addNamed cb babel@5.4.5
53 verbose unbuild lib/node_modules/babel
54 verbose gentlyRm vacuuming /usr/local/lib/node_modules/babel
55 verbose tar unpack /Users/elodiemauduit/.npm/babel/5.4.5/package.tgz
56 verbose tar unpacking to /usr/local/lib/node_modules/babel
57 verbose gentlyRm vacuuming /usr/local/lib/node_modules/babel
58 silly gunzTarPerm modes [ '755', '644' ]
59 error tar.unpack untar error /Users/elodiemauduit/.npm/babel/5.4.5/package.tgz
60 verbose unlock done using /Users/elodiemauduit/.npm/_locks/babel-5417f13f3f034c23.lock for /usr/local/lib/node_modules/babel
61 verbose fstream_path /usr/local/lib/node_modules/babel
62 verbose fstream_type Directory
63 verbose fstream_class DirWriter
64 verbose stack Error: EACCES, mkdir '/usr/local/lib/node_modules/babel'
64 verbose stack     at Error (native)
65 verbose fstream_stack /usr/local/lib/node_modules/npm/node_modules/fstream/lib/dir-writer.js:36:23
65 verbose fstream_stack /usr/local/lib/node_modules/npm/node_modules/mkdirp/index.js:46:53
65 verbose fstream_stack FSReqWrap.oncomplete (fs.js:99:15)
66 verbose cwd /Users/elodiemauduit/Documents/antoine/react/flux-chat
67 error Darwin 14.3.0
68 error argv "node" "/usr/local/bin/npm" "install" "-g" "babel"
69 error node v0.12.0
70 error npm  v2.5.1
71 error path /usr/local/lib/node_modules/babel
72 error code EACCES
73 error errno -13
74 error Error: EACCES, mkdir '/usr/local/lib/node_modules/babel'
74 error     at Error (native)
74 error  { [Error: EACCES, mkdir '/usr/local/lib/node_modules/babel']
74 error   errno: -13,
74 error   code: 'EACCES',
74 error   path: '/usr/local/lib/node_modules/babel',
74 error   fstream_type: 'Directory',
74 error   fstream_path: '/usr/local/lib/node_modules/babel',
74 error   fstream_class: 'DirWriter',
74 error   fstream_stack:
74 error    [ '/usr/local/lib/node_modules/npm/node_modules/fstream/lib/dir-writer.js:36:23',
74 error      '/usr/local/lib/node_modules/npm/node_modules/mkdirp/index.js:46:53',
74 error      'FSReqWrap.oncomplete (fs.js:99:15)' ] }
75 error Please try running this command again as root/Administrator.
76 verbose exit [ -13, true ]
77 verbose unbuild lib/node_modules/babel
78 verbose gentlyRm vacuuming /usr/local/lib/node_modules/babel
